\BOOKMARK [1][-]{section.1}{Data Structures}{}% 1
\BOOKMARK [1][-]{section.2}{Mutable vs Immutable}{}% 2
\BOOKMARK [2][-]{subsection.2.1}{1. Lists}{section.2}% 3
\BOOKMARK [3][-]{subsubsection.2.1.1}{What are lists?}{subsection.2.1}% 4
\BOOKMARK [3][-]{subsubsection.2.1.2}{Create a list in Python:}{subsection.2.1}% 5
\BOOKMARK [3][-]{subsubsection.2.1.3}{Indexing and slicing:}{subsection.2.1}% 6
\BOOKMARK [3][-]{subsubsection.2.1.4}{Add/Change List Elements:}{subsection.2.1}% 7
\BOOKMARK [3][-]{subsubsection.2.1.5}{Delete List Elements:}{subsection.2.1}% 8
\BOOKMARK [3][-]{subsubsection.2.1.6}{Python List Methods:}{subsection.2.1}% 9
\BOOKMARK [2][-]{subsection.2.2}{2. Tuples}{section.2}% 10
\BOOKMARK [3][-]{subsubsection.2.2.1}{Create a Tuple in Python:}{subsection.2.2}% 11
\BOOKMARK [3][-]{subsubsection.2.2.2}{Access Tuple Elements:}{subsection.2.2}% 12
\BOOKMARK [3][-]{subsubsection.2.2.3}{Modifying a Tuple:}{subsection.2.2}% 13
\BOOKMARK [3][-]{subsubsection.2.2.4}{Delete Tuple Elements:}{subsection.2.2}% 14
\BOOKMARK [3][-]{subsubsection.2.2.5}{Tuple methods and operations:}{subsection.2.2}% 15
\BOOKMARK [3][-]{subsubsection.2.2.6}{Tuples vs Lists}{subsection.2.2}% 16
\BOOKMARK [2][-]{subsection.2.3}{3. Sets}{section.2}% 17
\BOOKMARK [3][-]{subsubsection.2.3.1}{Definition of Python Sets:}{subsection.2.3}% 18
\BOOKMARK [3][-]{subsubsection.2.3.2}{Creating Python Sets:}{subsection.2.3}% 19
\BOOKMARK [3][-]{subsubsection.2.3.3}{Modifying a set in Python:}{subsection.2.3}% 20
\BOOKMARK [3][-]{subsubsection.2.3.4}{Removing elements from a set:}{subsection.2.3}% 21
\BOOKMARK [3][-]{subsubsection.2.3.5}{Python Set Methods and Operations:}{subsection.2.3}% 22
\BOOKMARK [2][-]{subsection.2.4}{4. Dictionnaries}{section.2}% 23
\BOOKMARK [3][-]{subsubsection.2.4.1}{What's a Dictionary?}{subsection.2.4}% 24
\BOOKMARK [3][-]{subsubsection.2.4.2}{How to Create a Dictionary?}{subsection.2.4}% 25
\BOOKMARK [3][-]{subsubsection.2.4.3}{Types of Values and Keys}{subsection.2.4}% 26
\BOOKMARK [3][-]{subsubsection.2.4.4}{Accessing Elements from Dictionary}{subsection.2.4}% 27
\BOOKMARK [3][-]{subsubsection.2.4.5}{Changing and Adding Dictionary Elements}{subsection.2.4}% 28
\BOOKMARK [3][-]{subsubsection.2.4.6}{Removing Elements from Dictionary}{subsection.2.4}% 29
